[debug] [2021-01-26T11:59:02.889Z] ----------------------------------------------------------------------
[debug] [2021-01-26T11:59:02.891Z] Command:       /usr/local/bin/node /usr/local/bin/firebase init
[debug] [2021-01-26T11:59:02.891Z] CLI Version:   9.2.1
[debug] [2021-01-26T11:59:02.891Z] Platform:      darwin
[debug] [2021-01-26T11:59:02.891Z] Node Version:  v12.18.1
[debug] [2021-01-26T11:59:02.896Z] Time:          Tue Jan 26 2021 12:59:02 GMT+0100 (Central European Standard Time)
[debug] [2021-01-26T11:59:02.896Z] ----------------------------------------------------------------------
[debug] [2021-01-26T11:59:02.896Z] 
[debug] [2021-01-26T11:59:02.898Z] >>> [apiv2][query] GET https://firebase-public.firebaseio.com/cli.json [none]
[debug] [2021-01-26T11:59:02.913Z] > command requires scopes: ["email","openid","https://www.googleapis.com/auth/cloudplatformprojects.readonly","https://www.googleapis.com/auth/firebase","https://www.googleapis.com/auth/cloud-platform"]
[debug] [2021-01-26T11:59:02.913Z] > authorizing via signed-in user
[info] 
     ######## #### ########  ######## ########     ###     ######  ########
     ##        ##  ##     ## ##       ##     ##  ##   ##  ##       ##
     ######    ##  ########  ######   ########  #########  ######  ######
     ##        ##  ##    ##  ##       ##     ## ##     ##       ## ##
     ##       #### ##     ## ######## ########  ##     ##  ######  ########

You're about to initialize a Firebase project in this directory:

  /Users/simon/Documents/02 Schule:Ausbildung/Developer Academy/ringoffire2

Before we get started, keep in mind:

  * You are initializing in an existing Firebase project directory

[debug] [2021-01-26T11:59:03.423Z] <<< [apiv2][status] GET https://firebase-public.firebaseio.com/cli.json 200
[debug] [2021-01-26T11:59:03.424Z] <<< [apiv2][body] GET https://firebase-public.firebaseio.com/cli.json {"cloudBuildErrorAfter":1594252800000,"cloudBuildWarnAfter":1590019200000,"defaultNode10After":1594252800000,"minVersion":"3.0.5","node8DeploysDisabledAfter":1613390400000,"node8RuntimeDisabledAfter":1615809600000,"node8WarnAfter":1600128000000}
[info] 
=== Project Setup
[info] 
[info] First, let's associate this project directory with a Firebase project.
[info] You can create multiple project aliases by running firebase use --add, 
[info] but for now we'll just set up a default project.
[info] 
[info] i  .firebaserc already has a default project, using ring-of-fire-2. 
[debug] [2021-01-26T12:04:16.349Z] > refreshing access token with scopes: []
[debug] [2021-01-26T12:04:16.349Z] >>> HTTP REQUEST POST https://www.googleapis.com/oauth2/v3/token  
 <request body omitted>
[debug] [2021-01-26T12:04:16.526Z] <<< HTTP RESPONSE 200 {"date":"Tue, 26 Jan 2021 12:04:16 GMT","expires":"Mon, 01 Jan 1990 00:00:00 GMT","pragma":"no-cache","cache-control":"no-cache, no-store, max-age=0, must-revalidate","content-type":"application/json; charset=utf-8","vary":"X-Origin, Referer, Origin,Accept-Encoding","server":"scaffolding on HTTPServer2","x-xss-protection":"0","x-frame-options":"SAMEORIGIN","x-content-type-options":"nosniff","alt-svc":"h3-29=\":443\"; ma=2592000,h3-T051=\":443\"; ma=2592000,h3-Q050=\":443\"; ma=2592000,h3-Q046=\":443\"; ma=2592000,h3-Q043=\":443\"; ma=2592000,quic=\":443\"; ma=2592000; v=\"46,43\"","accept-ranges":"none","transfer-encoding":"chunked"}
[debug] [2021-01-26T12:04:16.555Z] >>> [apiv2][query] GET https://firebase.googleapis.com/v1beta1/projects/ring-of-fire-2 [none]
[debug] [2021-01-26T12:04:16.818Z] <<< [apiv2][status] GET https://firebase.googleapis.com/v1beta1/projects/ring-of-fire-2 200
[debug] [2021-01-26T12:04:16.819Z] <<< [apiv2][body] GET https://firebase.googleapis.com/v1beta1/projects/ring-of-fire-2 {"projectId":"ring-of-fire-2","projectNumber":"363838849667","displayName":"Ring of Fire 2","name":"projects/ring-of-fire-2","resources":{"hostingSite":"ring-of-fire-2","realtimeDatabaseInstance":"ring-of-fire-2-default-rtdb","storageBucket":"ring-of-fire-2.appspot.com","locationId":"us-central"},"state":"ACTIVE"}
[info] 
=== Database Setup
[info] i  database: ensuring required API firebasedatabase.googleapis.com is enabled... 
[debug] [2021-01-26T12:04:16.821Z] > refreshing access token with scopes: ["email","https://www.googleapis.com/auth/cloud-platform","https://www.googleapis.com/auth/cloudplatformprojects.readonly","https://www.googleapis.com/auth/firebase","openid"]
[debug] [2021-01-26T12:04:16.821Z] >>> HTTP REQUEST POST https://www.googleapis.com/oauth2/v3/token  
 <request body omitted>
[debug] [2021-01-26T12:04:16.967Z] <<< HTTP RESPONSE 200 {"date":"Tue, 26 Jan 2021 12:04:16 GMT","cache-control":"no-cache, no-store, max-age=0, must-revalidate","expires":"Mon, 01 Jan 1990 00:00:00 GMT","pragma":"no-cache","content-type":"application/json; charset=utf-8","vary":"X-Origin, Referer, Origin,Accept-Encoding","server":"scaffolding on HTTPServer2","x-xss-protection":"0","x-frame-options":"SAMEORIGIN","x-content-type-options":"nosniff","alt-svc":"h3-29=\":443\"; ma=2592000,h3-T051=\":443\"; ma=2592000,h3-Q050=\":443\"; ma=2592000,h3-Q046=\":443\"; ma=2592000,h3-Q043=\":443\"; ma=2592000,quic=\":443\"; ma=2592000; v=\"46,43\"","accept-ranges":"none","transfer-encoding":"chunked"}
[debug] [2021-01-26T12:04:16.996Z] >>> HTTP REQUEST GET https://serviceusage.googleapis.com/v1/projects/ring-of-fire-2/services/firebasedatabase.googleapis.com  
 
[debug] [2021-01-26T12:04:18.027Z] <<< HTTP RESPONSE 200 {"content-type":"application/json; charset=UTF-8","vary":"X-Origin, Referer, Origin,Accept-Encoding","date":"Tue, 26 Jan 2021 12:04:17 GMT","server":"ESF","cache-control":"private","x-xss-protection":"0","x-frame-options":"SAMEORIGIN","x-content-type-options":"nosniff","alt-svc":"h3-29=\":443\"; ma=2592000,h3-T051=\":443\"; ma=2592000,h3-Q050=\":443\"; ma=2592000,h3-Q046=\":443\"; ma=2592000,h3-Q043=\":443\"; ma=2592000,quic=\":443\"; ma=2592000; v=\"46,43\"","accept-ranges":"none","transfer-encoding":"chunked"}
[info] ✔  database: required API firebasedatabase.googleapis.com is enabled 
[info] 
[debug] [2021-01-26T12:04:18.032Z] > refreshing access token with scopes: []
[debug] [2021-01-26T12:04:18.032Z] >>> HTTP REQUEST POST https://www.googleapis.com/oauth2/v3/token  
 <request body omitted>
[debug] [2021-01-26T12:04:18.180Z] <<< HTTP RESPONSE 200 {"date":"Tue, 26 Jan 2021 12:04:17 GMT","cache-control":"no-cache, no-store, max-age=0, must-revalidate","expires":"Mon, 01 Jan 1990 00:00:00 GMT","pragma":"no-cache","content-type":"application/json; charset=utf-8","vary":"X-Origin, Referer, Origin,Accept-Encoding","server":"scaffolding on HTTPServer2","x-xss-protection":"0","x-frame-options":"SAMEORIGIN","x-content-type-options":"nosniff","alt-svc":"h3-29=\":443\"; ma=2592000,h3-T051=\":443\"; ma=2592000,h3-Q050=\":443\"; ma=2592000,h3-Q046=\":443\"; ma=2592000,h3-Q043=\":443\"; ma=2592000,quic=\":443\"; ma=2592000; v=\"46,43\"","accept-ranges":"none","transfer-encoding":"chunked"}
[debug] [2021-01-26T12:04:18.208Z] >>> [apiv2][query] GET https://firebase.googleapis.com/v1beta1/projects/ring-of-fire-2 [none]
[debug] [2021-01-26T12:04:18.449Z] <<< [apiv2][status] GET https://firebase.googleapis.com/v1beta1/projects/ring-of-fire-2 200
[debug] [2021-01-26T12:04:18.449Z] <<< [apiv2][body] GET https://firebase.googleapis.com/v1beta1/projects/ring-of-fire-2 {"projectId":"ring-of-fire-2","projectNumber":"363838849667","displayName":"Ring of Fire 2","name":"projects/ring-of-fire-2","resources":{"hostingSite":"ring-of-fire-2","realtimeDatabaseInstance":"ring-of-fire-2-default-rtdb","storageBucket":"ring-of-fire-2.appspot.com","locationId":"us-central"},"state":"ACTIVE"}
[debug] [2021-01-26T12:04:18.449Z] > refreshing access token with scopes: ["email","https://www.googleapis.com/auth/cloud-platform","https://www.googleapis.com/auth/cloudplatformprojects.readonly","https://www.googleapis.com/auth/firebase","openid"]
[debug] [2021-01-26T12:04:18.449Z] >>> HTTP REQUEST POST https://www.googleapis.com/oauth2/v3/token  
 <request body omitted>
[debug] [2021-01-26T12:04:18.581Z] <<< HTTP RESPONSE 200 {"expires":"Mon, 01 Jan 1990 00:00:00 GMT","date":"Tue, 26 Jan 2021 12:04:18 GMT","pragma":"no-cache","cache-control":"no-cache, no-store, max-age=0, must-revalidate","content-type":"application/json; charset=utf-8","vary":"X-Origin, Referer, Origin,Accept-Encoding","server":"scaffolding on HTTPServer2","x-xss-protection":"0","x-frame-options":"SAMEORIGIN","x-content-type-options":"nosniff","alt-svc":"h3-29=\":443\"; ma=2592000,h3-T051=\":443\"; ma=2592000,h3-Q050=\":443\"; ma=2592000,h3-Q046=\":443\"; ma=2592000,h3-Q043=\":443\"; ma=2592000,quic=\":443\"; ma=2592000; v=\"46,43\"","accept-ranges":"none","transfer-encoding":"chunked"}
[debug] [2021-01-26T12:04:18.602Z] >>> HTTP REQUEST GET https://firebasedatabase.googleapis.com/v1beta/projects/ring-of-fire-2/locations/-/instances/ring-of-fire-2-default-rtdb  
 
[debug] [2021-01-26T12:04:19.092Z] <<< HTTP RESPONSE 200 {"content-type":"application/json; charset=UTF-8","vary":"X-Origin, Referer, Origin,Accept-Encoding","date":"Tue, 26 Jan 2021 12:04:18 GMT","server":"ESF","cache-control":"private","x-xss-protection":"0","x-frame-options":"SAMEORIGIN","x-content-type-options":"nosniff","alt-svc":"h3-29=\":443\"; ma=2592000,h3-T051=\":443\"; ma=2592000,h3-Q050=\":443\"; ma=2592000,h3-Q046=\":443\"; ma=2592000,h3-Q043=\":443\"; ma=2592000,quic=\":443\"; ma=2592000; v=\"46,43\"","accept-ranges":"none","transfer-encoding":"chunked"}
[info] 
[info] Firebase Realtime Database Security Rules allow you to define how your data should be
[info] structured and when your data can be read from and written to.
[info] 
[debug] [2021-01-26T12:04:35.585Z] >>> HTTP REQUEST GET https://ring-of-fire-2-default-rtdb.firebaseio.com/.settings/rules.json  
 
[debug] [2021-01-26T12:04:36.165Z] <<< HTTP RESPONSE 200 {"server":"nginx","date":"Tue, 26 Jan 2021 12:04:35 GMT","content-type":"application/json; charset=utf-8","content-length":"161","connection":"keep-alive","access-control-allow-origin":"*","cache-control":"no-cache","strict-transport-security":"max-age=31556926; includeSubDomains; preload"}
[info] ✔  Database Rules for ring-of-fire-2-default-rtdb have been written to database.rules.json. 
[info] Future modifications to database.rules.json will update Realtime Database Security Rules when you run
[info] firebase deploy.
[info] 
=== Firestore Setup
[debug] [2021-01-26T12:04:36.171Z] >>> HTTP REQUEST GET https://serviceusage.googleapis.com/v1/projects/ring-of-fire-2/services/firestore.googleapis.com  
 
[debug] [2021-01-26T12:04:37.165Z] <<< HTTP RESPONSE 200 {"content-type":"application/json; charset=UTF-8","vary":"X-Origin, Referer, Origin,Accept-Encoding","date":"Tue, 26 Jan 2021 12:04:36 GMT","server":"ESF","cache-control":"private","x-xss-protection":"0","x-frame-options":"SAMEORIGIN","x-content-type-options":"nosniff","alt-svc":"h3-29=\":443\"; ma=2592000,h3-T051=\":443\"; ma=2592000,h3-Q050=\":443\"; ma=2592000,h3-Q046=\":443\"; ma=2592000,h3-Q043=\":443\"; ma=2592000,quic=\":443\"; ma=2592000; v=\"46,43\"","accept-ranges":"none","transfer-encoding":"chunked"}
[debug] [2021-01-26T12:04:37.166Z] >>> HTTP REQUEST GET https://appengine.googleapis.com/v1/apps/ring-of-fire-2  
 
[debug] [2021-01-26T12:04:37.639Z] <<< HTTP RESPONSE 200 {"content-type":"application/json; charset=UTF-8","vary":"X-Origin, Referer, Origin,Accept-Encoding","date":"Tue, 26 Jan 2021 12:04:37 GMT","server":"ESF","cache-control":"private","x-xss-protection":"0","x-frame-options":"SAMEORIGIN","x-content-type-options":"nosniff","alt-svc":"h3-29=\":443\"; ma=2592000,h3-T051=\":443\"; ma=2592000,h3-Q050=\":443\"; ma=2592000,h3-Q046=\":443\"; ma=2592000,h3-Q043=\":443\"; ma=2592000,quic=\":443\"; ma=2592000; v=\"46,43\"","accept-ranges":"none","transfer-encoding":"chunked"}
[debug] [2021-01-26T12:04:37.639Z] database_type: CLOUD_FIRESTORE
[debug] [2021-01-26T12:04:37.639Z] > command requires scopes: ["email","openid","https://www.googleapis.com/auth/cloudplatformprojects.readonly","https://www.googleapis.com/auth/firebase","https://www.googleapis.com/auth/cloud-platform"]
[debug] [2021-01-26T12:04:37.640Z] > authorizing via signed-in user
[debug] [2021-01-26T12:04:37.640Z] [iam] checking project ring-of-fire-2 for permissions ["firebase.projects.get"]
[debug] [2021-01-26T12:04:37.640Z] >>> HTTP REQUEST POST https://cloudresourcemanager.googleapis.com/v1/projects/ring-of-fire-2:testIamPermissions  
 {"permissions":["firebase.projects.get"]}
[debug] [2021-01-26T12:04:38.458Z] <<< HTTP RESPONSE 200 {"content-type":"application/json; charset=UTF-8","vary":"X-Origin, Referer, Origin,Accept-Encoding","date":"Tue, 26 Jan 2021 12:04:38 GMT","server":"ESF","cache-control":"private","x-xss-protection":"0","x-frame-options":"SAMEORIGIN","x-content-type-options":"nosniff","server-timing":"gfet4t7; dur=697","alt-svc":"h3-29=\":443\"; ma=2592000,h3-T051=\":443\"; ma=2592000,h3-Q050=\":443\"; ma=2592000,h3-Q046=\":443\"; ma=2592000,h3-Q043=\":443\"; ma=2592000,quic=\":443\"; ma=2592000; v=\"46,43\"","accept-ranges":"none","transfer-encoding":"chunked"}
[info] 
[info] Firestore Security Rules allow you to define how and when to allow
[info] requests. You can keep these rules in your project directory
[info] and publish them with firebase deploy.
[info] 
[debug] [2021-01-26T12:04:43.089Z] >>> HTTP REQUEST GET https://firebaserules.googleapis.com/v1/projects/ring-of-fire-2/releases?pageSize=10&pageToken=  
 
[debug] [2021-01-26T12:04:44.163Z] <<< HTTP RESPONSE 200 {"content-type":"application/json; charset=UTF-8","vary":"X-Origin, Referer, Origin,Accept-Encoding","date":"Tue, 26 Jan 2021 12:04:43 GMT","server":"ESF","cache-control":"private","x-xss-protection":"0","x-frame-options":"SAMEORIGIN","x-content-type-options":"nosniff","alt-svc":"h3-29=\":443\"; ma=2592000,h3-T051=\":443\"; ma=2592000,h3-Q050=\":443\"; ma=2592000,h3-Q046=\":443\"; ma=2592000,h3-Q043=\":443\"; ma=2592000,quic=\":443\"; ma=2592000; v=\"46,43\"","accept-ranges":"none","transfer-encoding":"chunked"}
[debug] [2021-01-26T12:04:44.166Z] Found ruleset: projects/ring-of-fire-2/rulesets/b1790627-2241-4df9-9eb3-bc3d0407eae2
[debug] [2021-01-26T12:04:44.167Z] >>> HTTP REQUEST GET https://firebaserules.googleapis.com/v1/projects/ring-of-fire-2/rulesets/b1790627-2241-4df9-9eb3-bc3d0407eae2  
 
[debug] [2021-01-26T12:04:45.017Z] <<< HTTP RESPONSE 200 {"content-type":"application/json; charset=UTF-8","vary":"X-Origin, Referer, Origin,Accept-Encoding","date":"Tue, 26 Jan 2021 12:04:44 GMT","server":"ESF","cache-control":"private","x-xss-protection":"0","x-frame-options":"SAMEORIGIN","x-content-type-options":"nosniff","alt-svc":"h3-29=\":443\"; ma=2592000,h3-T051=\":443\"; ma=2592000,h3-Q050=\":443\"; ma=2592000,h3-Q046=\":443\"; ma=2592000,h3-Q043=\":443\"; ma=2592000,quic=\":443\"; ma=2592000; v=\"46,43\"","accept-ranges":"none","transfer-encoding":"chunked"}
[info] 
[info] Firestore indexes allow you to perform complex queries while
[info] maintaining performance that scales with the size of the result
[info] set. You can keep index definitions in your project directory
[info] and publish them with firebase deploy.
[info] 
[debug] [2021-01-26T12:04:49.964Z] >>> HTTP REQUEST GET https://firestore.googleapis.com/v1/projects/ring-of-fire-2/databases/(default)/collectionGroups/-/indexes  
 
[debug] [2021-01-26T12:04:49.964Z] >>> HTTP REQUEST GET https://firestore.googleapis.com/v1/projects/ring-of-fire-2/databases/(default)/collectionGroups/-/fields?filter=indexConfig.usesAncestorConfig=false  
 
[debug] [2021-01-26T12:04:50.426Z] <<< HTTP RESPONSE 200 {"content-type":"application/json; charset=UTF-8","vary":"X-Origin, Referer, Origin,Accept-Encoding","date":"Tue, 26 Jan 2021 12:04:50 GMT","server":"ESF","cache-control":"private","x-xss-protection":"0","x-frame-options":"SAMEORIGIN","x-content-type-options":"nosniff","alt-svc":"h3-29=\":443\"; ma=2592000,h3-T051=\":443\"; ma=2592000,h3-Q050=\":443\"; ma=2592000,h3-Q046=\":443\"; ma=2592000,h3-Q043=\":443\"; ma=2592000,quic=\":443\"; ma=2592000; v=\"46,43\"","accept-ranges":"none","transfer-encoding":"chunked"}
[debug] [2021-01-26T12:04:50.428Z] <<< HTTP RESPONSE 200 {"content-type":"application/json; charset=UTF-8","vary":"X-Origin, Referer, Origin,Accept-Encoding","date":"Tue, 26 Jan 2021 12:04:50 GMT","server":"ESF","cache-control":"private","x-xss-protection":"0","x-frame-options":"SAMEORIGIN","x-content-type-options":"nosniff","alt-svc":"h3-29=\":443\"; ma=2592000,h3-T051=\":443\"; ma=2592000,h3-Q050=\":443\"; ma=2592000,h3-Q046=\":443\"; ma=2592000,h3-Q043=\":443\"; ma=2592000,quic=\":443\"; ma=2592000; v=\"46,43\"","accept-ranges":"none","transfer-encoding":"chunked"}
[debug] [2021-01-26T12:04:50.563Z] Error: EISDIR: illegal operation on a directory, open '/Users/simon/Documents/02 Schule:Ausbildung/Developer Academy/ringoffire2'
    at Object.openSync (fs.js:458:3)
    at Object.writeFileSync (fs.js:1355:35)
    at Config.writeProjectFile (/usr/local/lib/node_modules/firebase-tools/lib/config.js:156:8)
    at /usr/local/lib/node_modules/firebase-tools/lib/init/features/firestore/indexes.js:51:27
    at processTicksAndRejections (internal/process/task_queues.js:97:5)
    at async Object.doSetup [as firestore] (/usr/local/lib/node_modules/firebase-tools/lib/init/features/firestore/index.js:36:5)
    at async init (/usr/local/lib/node_modules/firebase-tools/lib/init/index.js:19:9)
[error] 
[error] Error: An unexpected error has occurred.
